<?xml version="1.0" encoding="UTF-8"?>
<!-- Generated by org.testng.reporters.JUnitXMLReporter -->
<testsuite ignored="2" hostname="Personal-Laptop" failures="0" tests="3" name="Test" time="6.372" errors="0" timestamp="05 Aug 2023 03:30:21 GMT">
  <testcase classname="com.vtiger.test.LoginTest" name="TC01_InvalidLogin" time="1.101"/>
  <testcase classname="com.vtiger.test.LoginTest" name="TC02_ValidLogin" time="1.804"/>
  <testcase classname="com.vtiger.test.LeadTest" name="TC03_CreateLeadWithMandatoryFields" time="3.444"/>
  <testcase classname="com.vtiger.test.BaseTest" name="@BeforeSuite initiation" time="0.0">
    <ignored/>
  </testcase> <!-- @BeforeSuite initiation -->
  <testcase classname="com.vtiger.test.BaseTest" name="@AfterSuite closeApp" time="0.0">
    <ignored/>
  </testcase> <!-- @AfterSuite closeApp -->
</testsuite> <!-- Test -->
