<?xml version="1.0" encoding="UTF-8"?>
<testng-results ignored="0" total="2" passed="2" failed="0" skipped="0">
  <reporter-output>
  </reporter-output>
  <suite started-at="2023-08-21T05:37:48Z" name="Default suite" finished-at="2023-08-21T05:37:52Z" duration-ms="4293">
    <groups>
    </groups>
    <test started-at="2023-08-21T05:37:48Z" name="Default test" finished-at="2023-08-21T05:37:52Z" duration-ms="4293">
      <class name="com.vtiger.test.LoginTest">
        <test-method is-config="true" signature="initiation()[pri:0, instance:com.vtiger.test.LoginTest@58ce9668]" started-at="2023-08-21T05:37:45Z" name="initiation" finished-at="2023-08-21T05:37:48Z" duration-ms="2886" status="PASS">
          <reporter-output>
          </reporter-output>
        </test-method> <!-- initiation -->
        <test-method signature="TC01_LoginWithInvalidCredentials()[pri:0, instance:com.vtiger.test.LoginTest@58ce9668]" started-at="2023-08-21T05:37:48Z" name="TC01_LoginWithInvalidCredentials" finished-at="2023-08-21T05:37:49Z" duration-ms="842" status="PASS">
          <reporter-output>
          </reporter-output>
        </test-method> <!-- TC01_LoginWithInvalidCredentials -->
        <test-method signature="TC01_LoginWithValidCredentials()[pri:0, instance:com.vtiger.test.LoginTest@58ce9668]" started-at="2023-08-21T05:37:49Z" name="TC01_LoginWithValidCredentials" finished-at="2023-08-21T05:37:52Z" duration-ms="3437" status="PASS">
          <reporter-output>
          </reporter-output>
        </test-method> <!-- TC01_LoginWithValidCredentials -->
        <test-method is-config="true" signature="closeApp()[pri:0, instance:com.vtiger.test.LoginTest@58ce9668]" started-at="2023-08-21T05:37:52Z" name="closeApp" finished-at="2023-08-21T05:37:52Z" duration-ms="131" status="PASS">
          <reporter-output>
          </reporter-output>
        </test-method> <!-- closeApp -->
      </class> <!-- com.vtiger.test.LoginTest -->
    </test> <!-- Default test -->
  </suite> <!-- Default suite -->
</testng-results>
